mode: set
learningspace/161-hands-on-exercise-67/main.go:20.55,22.9 2 1
learningspace/161-hands-on-exercise-67/main.go:22.9,24.3 1 1
learningspace/161-hands-on-exercise-67/main.go:24.8,26.3 1 1
learningspace/161-hands-on-exercise-67/main.go:29.48,31.8 2 1
learningspace/161-hands-on-exercise-67/main.go:31.8,33.3 1 1
learningspace/161-hands-on-exercise-67/main.go:33.8,36.3 2 1
learningspace/161-hands-on-exercise-67/main.go:49.49,51.2 1 1
learningspace/161-hands-on-exercise-67/main.go:53.42,55.2 1 1
learningspace/161-hands-on-exercise-67/main.go:57.13,70.16 5 1
learningspace/161-hands-on-exercise-67/main.go:70.16,72.3 1 0
learningspace/161-hands-on-exercise-67/main.go:73.2,74.16 2 1
learningspace/161-hands-on-exercise-67/main.go:74.16,76.3 1 0
learningspace/161-hands-on-exercise-67/main.go:77.2,77.29 1 1
